[06/Jun/2021:11:59:00] (I): WordPress Instance Info:
[06/Jun/2021:11:59:00] (I): Home URL : http://localhost/palygintuvas
[06/Jun/2021:11:59:00] (I): Site URL : http://localhost/palygintuvas
[06/Jun/2021:11:59:00] (I): WordPress Version : 5.7.2
[06/Jun/2021:11:59:00] (I): Onboarding Version : 1.1.13
[06/Jun/2021:11:59:00] (I): Multisite : No
[06/Jun/2021:11:59:00] (I): Server Info : Apache/2.4.47 (Win64) OpenSSL/1.1.1k PHP/8.0.6
[06/Jun/2021:11:59:00] (I): PHP Version : 8.0.6
[06/Jun/2021:11:59:00] (I): HTTPS : No
[06/Jun/2021:11:59:00] (I): PHP Max Execution Time : 120
[06/Jun/2021:11:59:00] (I): PHP Max Input Vars : 1000
[06/Jun/2021:11:59:00] (I): Max Upload Size : 41943040
[06/Jun/2021:11:59:00] (I): Plugins:
[06/Jun/2021:11:59:00] (I): [PLUGIN] Akismet Anti-Spam : v4.1.9 (Automattic)
[06/Jun/2021:11:59:00] (I): [PLUGIN] Colibri Page Builder : v1.0.198 (ExtendThemes)
[06/Jun/2021:11:59:00] (I): [PLUGIN] Contact Form 7 : v5.4.1 (Takayuki Miyoshi)
[06/Jun/2021:11:59:00] (I): [PLUGIN] Elementor : v3.2.4 (Elementor.com)
[06/Jun/2021:11:59:00] (I): [PLUGIN] FameTheme Demo Importer : v1.1.2 (FameThemes)
[06/Jun/2021:11:59:00] (I): [PLUGIN] Hello Dolly : v1.7.2 (Matt Mullenweg)
[06/Jun/2021:11:59:00] (I): [PLUGIN] Templates Patterns Collection : v1.1.13 (ThemeIsle)
[06/Jun/2021:11:59:00] (I): [PLUGIN] Orbit Fox Companion : v2.10.6 (Themeisle)
[06/Jun/2021:11:59:00] (P): Saving remote XML
[06/Jun/2021:11:59:00] (S): Saved remote XML at path C:\xampp\htdocs\palygintuvas/wp-content/uploads/themeisle-demo-import.xml.
[06/Jun/2021:11:59:00] (P): Starting content import...
[06/Jun/2021:11:59:00] (S): Import started.
[06/Jun/2021:11:59:00] (S): Parsing XML file.
[06/Jun/2021:11:59:00] (P): Starting parsing file:C:\xampp\htdocs\palygintuvas/wp-content/uploads/themeisle-demo-import.xml
[06/Jun/2021:11:59:00] (P): Using WXR_Parser_SimpleXML...
[06/Jun/2021:11:59:00] (S): Parsed XML
[06/Jun/2021:11:59:00] (P): Processing categories...
[06/Jun/2021:11:59:00] (S): Processed categories.
[06/Jun/2021:11:59:00] (P): Processing tags...
[06/Jun/2021:11:59:00] (S): No tags to process.
[06/Jun/2021:11:59:00] (P): Processing terms...
[06/Jun/2021:11:59:00] (S): Processed terms.
[06/Jun/2021:11:59:00] (P): Processing posts...
[06/Jun/2021:11:59:00] (P): Processing single menu item ' '...
[06/Jun/2021:11:59:00] (P): Processing attachment: https://s33834.pcdn.co/web-agency/wp-content/uploads/sites/421/2020/01/neve-web-design-studio-02.jpg...
[06/Jun/2021:11:59:00] (P): Fetching attachment from url: https://s33834.pcdn.co/web-agency/wp-content/uploads/sites/421/2020/01/neve-web-design-studio-02.jpg...
[06/Jun/2021:11:59:00] (S): Fetched remote attachment.
[06/Jun/2021:11:59:00] (P): Inserting attachment...
[06/Jun/2021:11:59:01] (S): Attachment inserted
[06/Jun/2021:11:59:01] (S): Processed attachment.
[06/Jun/2021:11:59:01] (P): Processing attachment: https://s33834.pcdn.co/web-agency/wp-content/uploads/sites/421/2020/01/neve-web-design-studio-03.jpg...
[06/Jun/2021:11:59:01] (P): Fetching attachment from url: https://s33834.pcdn.co/web-agency/wp-content/uploads/sites/421/2020/01/neve-web-design-studio-03.jpg...
[06/Jun/2021:11:59:01] (S): Fetched remote attachment.
[06/Jun/2021:11:59:01] (P): Inserting attachment...
[06/Jun/2021:11:59:01] (S): Attachment inserted
[06/Jun/2021:11:59:01] (S): Processed attachment.
[06/Jun/2021:11:59:01] (P): Processing attachment: https://s33834.pcdn.co/web-agency/wp-content/uploads/sites/421/2020/01/neve-web-design-studio-04.jpg...
[06/Jun/2021:11:59:01] (P): Fetching attachment from url: https://s33834.pcdn.co/web-agency/wp-content/uploads/sites/421/2020/01/neve-web-design-studio-04.jpg...
[06/Jun/2021:11:59:01] (S): Fetched remote attachment.
[06/Jun/2021:11:59:01] (P): Inserting attachment...
[06/Jun/2021:11:59:01] (S): Attachment inserted
[06/Jun/2021:11:59:01] (S): Processed attachment.
[06/Jun/2021:11:59:01] (P): Processing attachment: https://s33834.pcdn.co/web-agency/wp-content/uploads/sites/421/2020/01/neve-web-design-studio-05.jpg...
[06/Jun/2021:11:59:01] (P): Fetching attachment from url: https://s33834.pcdn.co/web-agency/wp-content/uploads/sites/421/2020/01/neve-web-design-studio-05.jpg...
[06/Jun/2021:11:59:02] (S): Fetched remote attachment.
[06/Jun/2021:11:59:02] (P): Inserting attachment...
[06/Jun/2021:11:59:02] (S): Attachment inserted
[06/Jun/2021:11:59:02] (S): Processed attachment.
[06/Jun/2021:11:59:02] (P): Processing attachment: https://s33834.pcdn.co/web-agency/wp-content/uploads/sites/421/2020/01/neve-web-design-studio-06.jpg...
[06/Jun/2021:11:59:02] (P): Fetching attachment from url: https://s33834.pcdn.co/web-agency/wp-content/uploads/sites/421/2020/01/neve-web-design-studio-06.jpg...
[06/Jun/2021:11:59:02] (S): Fetched remote attachment.
[06/Jun/2021:11:59:02] (P): Inserting attachment...
[06/Jun/2021:11:59:02] (S): Attachment inserted
[06/Jun/2021:11:59:02] (S): Processed attachment.
[06/Jun/2021:11:59:02] (P): Processing attachment: https://s33834.pcdn.co/web-agency/wp-content/uploads/sites/421/2020/01/neve-web-design-studio-07.jpg...
[06/Jun/2021:11:59:02] (P): Fetching attachment from url: https://s33834.pcdn.co/web-agency/wp-content/uploads/sites/421/2020/01/neve-web-design-studio-07.jpg...
[06/Jun/2021:11:59:02] (S): Fetched remote attachment.
[06/Jun/2021:11:59:02] (P): Inserting attachment...
[06/Jun/2021:11:59:03] (S): Attachment inserted
[06/Jun/2021:11:59:03] (S): Processed attachment.
[06/Jun/2021:11:59:03] (P): Processing attachment: https://s33834.pcdn.co/web-agency/wp-content/uploads/sites/421/2020/01/neve-web-design-studio-08.jpg...
[06/Jun/2021:11:59:03] (P): Fetching attachment from url: https://s33834.pcdn.co/web-agency/wp-content/uploads/sites/421/2020/01/neve-web-design-studio-08.jpg...
[06/Jun/2021:11:59:03] (S): Fetched remote attachment.
[06/Jun/2021:11:59:03] (P): Inserting attachment...
[06/Jun/2021:11:59:03] (S): Attachment inserted
[06/Jun/2021:11:59:03] (S): Processed attachment.
[06/Jun/2021:11:59:03] (P): Processing attachment: https://s33834.pcdn.co/web-agency/wp-content/uploads/sites/421/2020/01/neve-web-design-studio-09.jpg...
[06/Jun/2021:11:59:03] (P): Fetching attachment from url: https://s33834.pcdn.co/web-agency/wp-content/uploads/sites/421/2020/01/neve-web-design-studio-09.jpg...
[06/Jun/2021:11:59:03] (S): Fetched remote attachment.
[06/Jun/2021:11:59:03] (P): Inserting attachment...
[06/Jun/2021:11:59:03] (S): Attachment inserted
[06/Jun/2021:11:59:03] (S): Processed attachment.
[06/Jun/2021:11:59:03] (P): Processing attachment: https://s33834.pcdn.co/web-agency/wp-content/uploads/sites/421/2020/01/neve-web-design-studio-10.jpg...
[06/Jun/2021:11:59:03] (P): Fetching attachment from url: https://s33834.pcdn.co/web-agency/wp-content/uploads/sites/421/2020/01/neve-web-design-studio-10.jpg...
[06/Jun/2021:11:59:04] (S): Fetched remote attachment.
[06/Jun/2021:11:59:04] (P): Inserting attachment...
[06/Jun/2021:11:59:04] (S): Attachment inserted
[06/Jun/2021:11:59:04] (S): Processed attachment.
[06/Jun/2021:11:59:04] (P): Processing attachment: https://s33834.pcdn.co/web-agency/wp-content/uploads/sites/421/2020/01/neve-web-design-studio-11.jpg...
[06/Jun/2021:11:59:04] (P): Fetching attachment from url: https://s33834.pcdn.co/web-agency/wp-content/uploads/sites/421/2020/01/neve-web-design-studio-11.jpg...
[06/Jun/2021:11:59:04] (S): Fetched remote attachment.
[06/Jun/2021:11:59:04] (P): Inserting attachment...
[06/Jun/2021:11:59:04] (S): Attachment inserted
[06/Jun/2021:11:59:04] (S): Processed attachment.
[06/Jun/2021:11:59:04] (P): Processing single menu item ' '...
[06/Jun/2021:11:59:04] (P): Processing single menu item ' '...
[06/Jun/2021:11:59:04] (P): Processing single menu item ' '...
[06/Jun/2021:11:59:04] (P): Processing single menu item ' '...
[06/Jun/2021:11:59:04] (P): Processing single menu item ' '...
[06/Jun/2021:11:59:04] (P): Processing attachment: https://s33834.pcdn.co/web-agency/wp-content/uploads/sites/421/2020/07/web-design-studio-01.jpg.jpg...
[06/Jun/2021:11:59:04] (P): Fetching attachment from url: https://s33834.pcdn.co/web-agency/wp-content/uploads/sites/421/2020/07/web-design-studio-01.jpg.jpg...
[06/Jun/2021:11:59:04] (S): Fetched remote attachment.
[06/Jun/2021:11:59:04] (P): Inserting attachment...
[06/Jun/2021:11:59:04] (S): Attachment inserted
[06/Jun/2021:11:59:04] (S): Processed attachment.
[06/Jun/2021:11:59:04] (P): Inserting custom_css: neve .
[06/Jun/2021:11:59:04] (S): Done inserting custom_css: neve .
[06/Jun/2021:11:59:04] (P): Processing attachment: https://s33834.pcdn.co/web-agency/wp-content/uploads/sites/421/2020/12/web-agency-logo-3.png...
[06/Jun/2021:11:59:04] (P): Fetching attachment from url: https://s33834.pcdn.co/web-agency/wp-content/uploads/sites/421/2020/12/web-agency-logo-3.png...
[06/Jun/2021:11:59:05] (S): Fetched remote attachment.
[06/Jun/2021:11:59:05] (P): Inserting attachment...
[06/Jun/2021:11:59:05] (S): Attachment inserted
[06/Jun/2021:11:59:05] (S): Processed attachment.
[06/Jun/2021:11:59:05] (P): Inserting post: 5 UX Principles for Creating a Great Website .
[06/Jun/2021:11:59:05] (S): Done inserting post: 5 UX Principles for Creating a Great Website .
[06/Jun/2021:11:59:05] (P): Inserting page: News .
[06/Jun/2021:11:59:05] (S): Done inserting page: News .
[06/Jun/2021:11:59:05] (P): Inserting page: Home .
[06/Jun/2021:11:59:05] (S): Done inserting page: Home .
[06/Jun/2021:11:59:05] (P): Filtering elementor meta...
[06/Jun/2021:11:59:05] (S): Filtered elementor meta.
[06/Jun/2021:11:59:05] (P): Inserting post: Web Design Trends for 2020 .
[06/Jun/2021:11:59:05] (S): Done inserting post: Web Design Trends for 2020 .
[06/Jun/2021:11:59:05] (P): Inserting post: A Simple Guide to Design Thinking .
[06/Jun/2021:11:59:05] (S): Done inserting post: A Simple Guide to Design Thinking .
[06/Jun/2021:11:59:05] (P): Inserting page: About Us .
[06/Jun/2021:11:59:05] (S): Done inserting page: About Us .
[06/Jun/2021:11:59:05] (P): Filtering elementor meta...
[06/Jun/2021:11:59:05] (S): Filtered elementor meta.
[06/Jun/2021:11:59:05] (P): Inserting page: Portfolio .
[06/Jun/2021:11:59:05] (S): Done inserting page: Portfolio .
[06/Jun/2021:11:59:05] (P): Filtering elementor meta...
[06/Jun/2021:11:59:05] (S): Filtered elementor meta.
[06/Jun/2021:11:59:05] (P): Inserting page: Contact .
[06/Jun/2021:11:59:05] (S): Done inserting page: Contact .
[06/Jun/2021:11:59:05] (P): Filtering elementor meta...
[06/Jun/2021:11:59:05] (S): Filtered elementor meta.
[06/Jun/2021:11:59:05] (P): Inserting page: Portfolio single .
[06/Jun/2021:11:59:05] (S): Done inserting page: Portfolio single .
[06/Jun/2021:11:59:05] (P): Filtering elementor meta...
[06/Jun/2021:11:59:05] (S): Filtered elementor meta.
[06/Jun/2021:11:59:05] (S): Processed posts.
[06/Jun/2021:11:59:05] (P): Processing single menu item ' '...
[06/Jun/2021:11:59:05] (S): Processed single menu item.
[06/Jun/2021:11:59:05] (P): Processing single menu item ' '...
[06/Jun/2021:11:59:05] (S): Processed single menu item.
[06/Jun/2021:11:59:05] (P): Processing single menu item ' '...
[06/Jun/2021:11:59:05] (S): Processed single menu item.
[06/Jun/2021:11:59:05] (P): Processing single menu item ' '...
[06/Jun/2021:11:59:06] (S): Processed single menu item.
[06/Jun/2021:11:59:06] (P): Processing single menu item ' '...
[06/Jun/2021:11:59:06] (S): Processed single menu item.
[06/Jun/2021:11:59:06] (P): Processing single menu item ' '...
[06/Jun/2021:11:59:06] (S): Processed single menu item.
[06/Jun/2021:11:59:06] (P): Cleaning up import with id ...
[06/Jun/2021:11:59:06] (P): Done cleanup. Flushing cache...
[06/Jun/2021:11:59:06] (P): Flushed cache. Removing temporary data..
[06/Jun/2021:11:59:06] (S): Done importing
[06/Jun/2021:11:59:06] (P): Busting elementor cache
[06/Jun/2021:11:59:06] (S): Front page set up with id: 85.
